Looking in indexes: https://download.pytorch.org/whl/rocm6.2
Collecting torch
  Downloading https://download-r2.pytorch.org/whl/rocm6.2/torch-2.5.1%2Brocm6.2-cp312-cp312-linux_x86_64.whl (3973.5 MB)
     ━━━━━━━━━━━━━━━━━━━━━━━━━━━━━━━━━━━━━━━━ 4.0/4.0 GB 3.1 MB/s eta 0:00:00
Collecting torchvision
  Downloading https://download-r2.pytorch.org/whl/rocm6.2/torchvision-0.20.1%2Brocm6.2-cp312-cp312-linux_x86_64.whl (2.6 MB)
     ━━━━━━━━━━━━━━━━━━━━━━━━━━━━━━━━━━━━━━━━ 2.6/2.6 MB 148.9 MB/s eta 0:00:00
Collecting torchaudio
  Downloading https://download-r2.pytorch.org/whl/rocm6.2/torchaudio-2.5.1%2Brocm6.2-cp312-cp312-linux_x86_64.whl (1.7 MB)
     ━━━━━━━━━━━━━━━━━━━━━━━━━━━━━━━━━━━━━━━━ 1.7/1.7 MB 219.7 MB/s eta 0:00:00
Collecting filelock (from torch)
  Downloading filelock-3.25.2-py3-none-any.whl.metadata (2.0 kB)
Requirement already satisfied: typing-extensions>=4.8.0 in /usr/lib/python3/dist-packages (from torch) (4.10.0)
Collecting networkx (from torch)
  Downloading networkx-3.6.1-py3-none-any.whl.metadata (6.8 kB)
Requirement already satisfied: jinja2 in /usr/lib/python3/dist-packages (from torch) (3.1.2)
Collecting fsspec (from torch)
  Downloading fsspec-2026.2.0-py3-none-any.whl.metadata (10 kB)
Collecting pytorch-triton-rocm==3.1.0 (from torch)
  Downloading https://download-r2.pytorch.org/whl/pytorch_triton_rocm-3.1.0-cp312-cp312-linux_x86_64.whl (344.8 MB)
     ━━━━━━━━━━━━━━━━━━━━━━━━━━━━━━━━━━━━━━ 344.8/344.8 MB 30.6 MB/s eta 0:00:00
Requirement already satisfied: setuptools in /usr/lib/python3/dist-packages (from torch) (68.1.2)
Collecting sympy==1.13.1 (from torch)
  Downloading sympy-1.13.1-py3-none-any.whl.metadata (12 kB)
Collecting mpmath<1.4,>=1.1.0 (from sympy==1.13.1->torch)
  Downloading mpmath-1.3.0-py3-none-any.whl.metadata (8.6 kB)
Collecting numpy (from torchvision)
  Downloading numpy-2.4.3-cp312-cp312-manylinux_2_27_x86_64.manylinux_2_28_x86_64.whl.metadata (6.6 kB)
Collecting pillow!=8.3.*,>=5.3.0 (from torchvision)
  Downloading pillow-12.1.1-cp312-cp312-manylinux_2_27_x86_64.manylinux_2_28_x86_64.whl.metadata (8.8 kB)
Downloading sympy-1.13.1-py3-none-any.whl (6.2 MB)
   ━━━━━━━━━━━━━━━━━━━━━━━━━━━━━━━━━━━━━━━━ 6.2/6.2 MB 26.8 MB/s eta 0:00:00
Downloading pillow-12.1.1-cp312-cp312-manylinux_2_27_x86_64.manylinux_2_28_x86_64.whl (7.0 MB)
   ━━━━━━━━━━━━━━━━━━━━━━━━━━━━━━━━━━━━━━━━ 7.0/7.0 MB 143.4 MB/s eta 0:00:00
Downloading filelock-3.25.2-py3-none-any.whl (26 kB)
Downloading fsspec-2026.2.0-py3-none-any.whl (202 kB)
   ━━━━━━━━━━━━━━━━━━━━━━━━━━━━━━━━━━━━━━━━ 202.5/202.5 kB 75.6 MB/s eta 0:00:00
Downloading networkx-3.6.1-py3-none-any.whl (2.1 MB)
   ━━━━━━━━━━━━━━━━━━━━━━━━━━━━━━━━━━━━━━━━ 2.1/2.1 MB 256.7 MB/s eta 0:00:00
Downloading numpy-2.4.3-cp312-cp312-manylinux_2_27_x86_64.manylinux_2_28_x86_64.whl (16.6 MB)
   ━━━━━━━━━━━━━━━━━━━━━━━━━━━━━━━━━━━━━━━━ 16.6/16.6 MB 93.3 MB/s eta 0:00:00
Downloading mpmath-1.3.0-py3-none-any.whl (536 kB)
   ━━━━━━━━━━━━━━━━━━━━━━━━━━━━━━━━━━━━━━━ 536.2/536.2 kB 144.8 MB/s eta 0:00:00
Installing collected packages: mpmath, sympy, pillow, numpy, networkx, fsspec, filelock, pytorch-triton-rocm, torch, torchvision, torchaudio
Successfully installed filelock-3.25.2 fsspec-2026.2.0 mpmath-1.3.0 networkx-3.6.1 numpy-2.4.3 pillow-12.1.1 pytorch-triton-rocm-3.1.0 sympy-1.13.1 torch-2.5.1+rocm6.2 torchaudio-2.5.1+rocm6.2 torchvision-0.20.1+rocm6.2
WARNING: Running pip as the 'root' user can result in broken permissions and conflicting behaviour with the system package manager. It is recommended to use a virtual environment instead: https://pip.pypa.io/warnings/venv
Looking in indexes: https://download.pytorch.org/whl/rocm6.2
Collecting torch==2.5.1
  Using cached https://download-r2.pytorch.org/whl/rocm6.2/torch-2.5.1%2Brocm6.2-cp312-cp312-linux_x86_64.whl (3973.5 MB)
Collecting torchvision==0.20.1
  Using cached https://download-r2.pytorch.org/whl/rocm6.2/torchvision-0.20.1%2Brocm6.2-cp312-cp312-linux_x86_64.whl (2.6 MB)
Collecting torchaudio==2.5.1
  Using cached https://download-r2.pytorch.org/whl/rocm6.2/torchaudio-2.5.1%2Brocm6.2-cp312-cp312-linux_x86_64.whl (1.7 MB)
Collecting filelock (from torch==2.5.1)
  Using cached filelock-3.25.2-py3-none-any.whl.metadata (2.0 kB)
Collecting typing-extensions>=4.8.0 (from torch==2.5.1)
  Downloading https://download.pytorch.org/whl/typing_extensions-4.15.0-py3-none-any.whl.metadata (3.3 kB)
Collecting networkx (from torch==2.5.1)
  Using cached networkx-3.6.1-py3-none-any.whl.metadata (6.8 kB)
Collecting jinja2 (from torch==2.5.1)
  Downloading https://download.pytorch.org/whl/jinja2-3.1.6-py3-none-any.whl.metadata (2.9 kB)
Collecting fsspec (from torch==2.5.1)
  Using cached fsspec-2026.2.0-py3-none-any.whl.metadata (10 kB)
Collecting pytorch-triton-rocm==3.1.0 (from torch==2.5.1)
  Using cached https://download-r2.pytorch.org/whl/pytorch_triton_rocm-3.1.0-cp312-cp312-linux_x86_64.whl (344.8 MB)
Collecting setuptools (from torch==2.5.1)
  Downloading https://download.pytorch.org/whl/setuptools-70.2.0-py3-none-any.whl.metadata (5.8 kB)
Collecting sympy==1.13.1 (from torch==2.5.1)
  Using cached sympy-1.13.1-py3-none-any.whl.metadata (12 kB)
Collecting numpy (from torchvision==0.20.1)
  Using cached numpy-2.4.3-cp312-cp312-manylinux_2_27_x86_64.manylinux_2_28_x86_64.whl.metadata (6.6 kB)
Collecting pillow!=8.3.*,>=5.3.0 (from torchvision==0.20.1)
  Using cached pillow-12.1.1-cp312-cp312-manylinux_2_27_x86_64.manylinux_2_28_x86_64.whl.metadata (8.8 kB)
Collecting mpmath<1.4,>=1.1.0 (from sympy==1.13.1->torch==2.5.1)
  Using cached mpmath-1.3.0-py3-none-any.whl.metadata (8.6 kB)
Collecting MarkupSafe>=2.0 (from jinja2->torch==2.5.1)
  Downloading https://download.pytorch.org/whl/markupsafe-3.0.3-cp312-cp312-manylinux2014_x86_64.manylinux_2_17_x86_64.manylinux_2_28_x86_64.whl.metadata (2.7 kB)
Using cached sympy-1.13.1-py3-none-any.whl (6.2 MB)
Using cached pillow-12.1.1-cp312-cp312-manylinux_2_27_x86_64.manylinux_2_28_x86_64.whl (7.0 MB)
Downloading https://download.pytorch.org/whl/typing_extensions-4.15.0-py3-none-any.whl (44 kB)
   ━━━━━━━━━━━━━━━━━━━━━━━━━━━━━━━━━━━━━━━━ 44.6/44.6 kB 15.6 MB/s eta 0:00:00
Using cached filelock-3.25.2-py3-none-any.whl (26 kB)
Using cached fsspec-2026.2.0-py3-none-any.whl (202 kB)
Downloading https://download.pytorch.org/whl/jinja2-3.1.6-py3-none-any.whl (134 kB)
   ━━━━━━━━━━━━━━━━━━━━━━━━━━━━━━━━━━━━━━━━ 134.9/134.9 kB 70.9 MB/s eta 0:00:00
Using cached networkx-3.6.1-py3-none-any.whl (2.1 MB)
Using cached numpy-2.4.3-cp312-cp312-manylinux_2_27_x86_64.manylinux_2_28_x86_64.whl (16.6 MB)
Downloading https://download.pytorch.org/whl/setuptools-70.2.0-py3-none-any.whl (930 kB)
   ━━━━━━━━━━━━━━━━━━━━━━━━━━━━━━━━━━━━━━━ 930.8/930.8 kB 201.6 MB/s eta 0:00:00
Downloading https://download.pytorch.org/whl/markupsafe-3.0.3-cp312-cp312-manylinux2014_x86_64.manylinux_2_17_x86_64.manylinux_2_28_x86_64.whl (22 kB)
Using cached mpmath-1.3.0-py3-none-any.whl (536 kB)
Installing collected packages: mpmath, typing-extensions, sympy, setuptools, pillow, numpy, networkx, MarkupSafe, fsspec, filelock, pytorch-triton-rocm, jinja2, torch, torchvision, torchaudio
  Attempting uninstall: mpmath
    Found existing installation: mpmath 1.3.0
    Uninstalling mpmath-1.3.0:
      Successfully uninstalled mpmath-1.3.0
  Attempting uninstall: typing-extensions
    Found existing installation: typing_extensions 4.15.0
    Uninstalling typing_extensions-4.15.0:
      Successfully uninstalled typing_extensions-4.15.0
  Attempting uninstall: sympy
    Found existing installation: sympy 1.14.0
    Uninstalling sympy-1.14.0:
      Successfully uninstalled sympy-1.14.0
  Attempting uninstall: setuptools
    Found existing installation: setuptools 81.0.0
    Uninstalling setuptools-81.0.0:
      Successfully uninstalled setuptools-81.0.0
  Attempting uninstall: pillow
    Found existing installation: pillow 12.2.0
    Uninstalling pillow-12.2.0:
      Successfully uninstalled pillow-12.2.0
  Attempting uninstall: numpy
    Found existing installation: numpy 2.4.4
    Uninstalling numpy-2.4.4:
      Successfully uninstalled numpy-2.4.4
  Attempting uninstall: networkx
    Found existing installation: networkx 3.6.1
    Uninstalling networkx-3.6.1:
      Successfully uninstalled networkx-3.6.1
  Attempting uninstall: MarkupSafe
    Found existing installation: MarkupSafe 3.0.3
    Uninstalling MarkupSafe-3.0.3:
      Successfully uninstalled MarkupSafe-3.0.3
  Attempting uninstall: fsspec
    Found existing installation: fsspec 2026.2.0
    Uninstalling fsspec-2026.2.0:
      Successfully uninstalled fsspec-2026.2.0
  Attempting uninstall: filelock
    Found existing installation: filelock 3.25.2
    Uninstalling filelock-3.25.2:
      Successfully uninstalled filelock-3.25.2
  Attempting uninstall: pytorch-triton-rocm
    Found existing installation: pytorch-triton-rocm 3.1.0
    Uninstalling pytorch-triton-rocm-3.1.0:
      Successfully uninstalled pytorch-triton-rocm-3.1.0
  Attempting uninstall: jinja2
    Found existing installation: Jinja2 3.1.6
    Uninstalling Jinja2-3.1.6:
      Successfully uninstalled Jinja2-3.1.6
  Attempting uninstall: torch
    Found existing installation: torch 2.5.1+rocm6.2
    Uninstalling torch-2.5.1+rocm6.2:
      Successfully uninstalled torch-2.5.1+rocm6.2
  Attempting uninstall: torchvision
    Found existing installation: torchvision 0.20.1+rocm6.2
    Uninstalling torchvision-0.20.1+rocm6.2:
      Successfully uninstalled torchvision-0.20.1+rocm6.2
  Attempting uninstall: torchaudio
    Found existing installation: torchaudio 2.5.1+rocm6.2
    Uninstalling torchaudio-2.5.1+rocm6.2:
      Successfully uninstalled torchaudio-2.5.1+rocm6.2
Successfully installed MarkupSafe-3.0.3 filelock-3.25.2 fsspec-2026.2.0 jinja2-3.1.6 mpmath-1.3.0 networkx-3.6.1 numpy-2.4.3 pillow-12.1.1 pytorch-triton-rocm-3.1.0 setuptools-70.2.0 sympy-1.13.1 torch-2.5.1+rocm6.2 torchaudio-2.5.1+rocm6.2 torchvision-0.20.1+rocm6.2 typing-extensions-4.15.0
WARNING: Running pip as the 'root' user can result in broken permissions and conflicting behaviour with the system package manager. It is recommended to use a virtual environment instead: https://pip.pypa.io/warnings/venv
WARNING: Running pip as the 'root' user can result in broken permissions and conflicting behaviour with the system package manager. It is recommended to use a virtual environment instead: https://pip.pypa.io/warnings/venv
