cases: 5033, unique images: 10380
already on disk: 1110
to fetch:        9270
    200/9270  ok=200  fail=0  (73/s)
    400/9270  ok=400  fail=0  (97/s)
    600/9270  ok=600  fail=0  (103/s)
    800/9270  ok=800  fail=0  (108/s)
   1000/9270  ok=1000  fail=0  (111/s)
   1200/9270  ok=1200  fail=0  (112/s)
   1400/9270  ok=1400  fail=0  (113/s)
   1600/9270  ok=1600  fail=0  (115/s)
   1800/9270  ok=1800  fail=0  (116/s)
   2000/9270  ok=2000  fail=0  (115/s)
   2200/9270  ok=2200  fail=0  (116/s)
   2400/9270  ok=2399  fail=1  (117/s)
   2600/9270  ok=2599  fail=1  (118/s)
   2800/9270  ok=2799  fail=1  (118/s)
   3000/9270  ok=2999  fail=1  (118/s)
   3200/9270  ok=3199  fail=1  (118/s)
   3400/9270  ok=3399  fail=1  (118/s)
   3600/9270  ok=3599  fail=1  (118/s)
   3800/9270  ok=3799  fail=1  (118/s)
   4000/9270  ok=3999  fail=1  (119/s)
   4200/9270  ok=4199  fail=1  (119/s)
   4400/9270  ok=4399  fail=1  (119/s)
   4600/9270  ok=4599  fail=1  (119/s)
   4800/9270  ok=4799  fail=1  (119/s)
   5000/9270  ok=4999  fail=1  (120/s)
   5200/9270  ok=5199  fail=1  (120/s)
   5400/9270  ok=5399  fail=1  (120/s)
   5600/9270  ok=5599  fail=1  (120/s)
   5800/9270  ok=5799  fail=1  (121/s)
   6000/9270  ok=5999  fail=1  (120/s)
   6200/9270  ok=6199  fail=1  (120/s)
   6400/9270  ok=6399  fail=1  (121/s)
   6600/9270  ok=6599  fail=1  (121/s)
   6800/9270  ok=6799  fail=1  (121/s)
   7000/9270  ok=6999  fail=1  (119/s)
   7200/9270  ok=7199  fail=1  (121/s)
   7400/9270  ok=7399  fail=1  (121/s)
   7600/9270  ok=7599  fail=1  (121/s)
   7800/9270  ok=7799  fail=1  (121/s)
   8000/9270  ok=7999  fail=1  (121/s)
   8200/9270  ok=8199  fail=1  (121/s)
   8400/9270  ok=8399  fail=1  (121/s)
   8600/9270  ok=8599  fail=1  (121/s)
   8800/9270  ok=8799  fail=1  (121/s)
   9000/9270  ok=8999  fail=1  (121/s)
   9200/9270  ok=9199  fail=1  (121/s)
   9270/9270  ok=9269  fail=1  (121/s)

done in 76.4s  ok=9269  fail=1
first 10 failures:
  data/scin/images/-2243186711511406658.png: HTTP Error 404: Not Found
images dir total: 12.61 GB across 11129 files
