== SCIN dx eval ==
  base_url: http://localhost:8000/v1
  model:    dx
  classes:  34
  rows:     336
  out:      results/scin_dx34_tuned.json
[001/336] SCIN-2476186720631597836            truth=Abrasion, scrape, or scab      pred=Insect Bite                    ✗ fst=I-II     t=2.2s raw='Insect Bite'
[002/336] SCIN-8982554228980998818            truth=Abrasion, scrape, or scab      pred=Allergic Contact Dermatitis    ✗ fst=I-II     t=0.3s raw='Allergic Contact Dermatitis'
[003/336] SCIN-4685575002898621346            truth=Abrasion, scrape, or scab      pred=Purpura                        ✗ fst=I-II     t=0.2s raw='Purpura'
[004/336] SCIN--4056721844074008988           truth=Abrasion, scrape, or scab      pred=Abrasion, scrape, or scab      ✓ fst=I-II     t=0.4s raw='Abrasion, scrape, or scab'
[005/336] SCIN-5712094336588197231            truth=Abrasion, scrape, or scab      pred=Allergic Contact Dermatitis    ✗ fst=I-II     t=0.3s raw='Allergic Contact Dermatitis'
[006/336] SCIN--1591850424860312359           truth=Acne                           pred=Rosacea                        ✗ fst=I-II     t=0.2s raw='Rosacea'
[007/336] SCIN-2311974363421871372            truth=Acne                           pred=Acute dermatitis, NOS          ✗ fst=III-IV   t=0.3s raw='Acute dermatitis, NOS'
[008/336] SCIN--8074230965389996366           truth=Acne                           pred=Acute dermatitis, NOS          ✗ fst=I-II     t=0.3s raw='Acute dermatitis, NOS'
[009/336] SCIN--7214942537525659338           truth=Acne                           pred=Acne                           ✓ fst=III-IV   t=0.2s raw='Acne'
[010/336] SCIN-6857595741723301953            truth=Acne                           pred=Rosacea                        ✗ fst=I-II     t=0.2s raw='Rosacea'
[011/336] SCIN-2449169882294231662            truth=Acne                           pred=Rosacea                        ✗ fst=III-IV   t=0.3s raw='Rosacea'
[012/336] SCIN-3043670062961372946            truth=Acne                           pred=Folliculitis                   ✗ fst=III-IV   t=0.3s raw='Folliculitis'
[013/336] SCIN--63753751533757188             truth=Acne                           pred=Acute dermatitis, NOS          ✗ fst=III-IV   t=0.3s raw='Acute dermatitis, NOS'
[014/336] SCIN-1394308459147109933            truth=Acne                           pred=Acute dermatitis, NOS          ✗ fst=III-IV   t=0.3s raw='Acute dermatitis, NOS'
[015/336] SCIN--2740479848383925335           truth=Acne                           pred=Acute dermatitis, NOS          ✗ fst=III-IV   t=0.3s raw='Acute dermatitis, NOS'
[016/336] SCIN--7275764427572709680           truth=Acne                           pred=Urticaria                      ✗ fst=III-IV   t=0.2s raw='Urticaria'
[017/336] SCIN-8798670183321884538            truth=Acne                           pred=Acute dermatitis, NOS          ✗ fst=III-IV   t=0.3s raw='Acute dermatitis, NOS'
[018/336] SCIN-7754333012238295111            truth=Acute dermatitis, NOS          pred=Urticaria                      ✗ fst=III-IV   t=0.3s raw='Urticaria'
[019/336] SCIN-2918792631005593556            truth=Acute dermatitis, NOS          pred=Eczema                         ✗ fst=III-IV   t=0.3s raw='Eczema'
[020/336] SCIN--7307470538479869697           truth=Acute dermatitis, NOS          pred=Urticaria                      ✗ fst=III-IV   t=0.3s raw='Urticaria'
[021/336] SCIN--8555709419997689501           truth=Acute dermatitis, NOS          pred=Acute dermatitis, NOS          ✓ fst=III-IV   t=0.3s raw='Acute dermatitis, NOS'
[022/336] SCIN--90727038662084249             truth=Acute dermatitis, NOS          pred=Keratosis pilaris              ✗ fst=III-IV   t=0.3s raw='Keratosis pilaris'
[023/336] SCIN--625924905419597951            truth=Acute dermatitis, NOS          pred=Purpura                        ✗ fst=III-IV   t=0.3s raw='Purpura'
[024/336] SCIN--6768039405201694865           truth=Acute dermatitis, NOS          pred=Urticaria                      ✗ fst=III-IV   t=0.3s raw='Urticaria'
[025/336] SCIN-4408864411024307516            truth=Acute dermatitis, NOS          pred=Scabies                        ✗ fst=III-IV   t=0.3s raw='Scabies'
[026/336] SCIN-1827264590798311134            truth=Acute dermatitis, NOS          pred=Psoriasis                      ✗ fst=III-IV   t=0.3s raw='Psoriasis'
[027/336] SCIN-792402490224297680             truth=Allergic Contact Dermatitis    pred=Stasis Dermatitis              ✗ fst=I-II     t=0.3s raw='Stasis Dermatitis'
[028/336] SCIN-4051122012442956545            truth=Allergic Contact Dermatitis    pred=Tinea                          ✗ fst=III-IV   t=0.2s raw='Tinea'
[029/336] SCIN--3850165856889995124           truth=Allergic Contact Dermatitis    pred=Keratosis pilaris              ✗ fst=I-II     t=0.3s raw='Keratosis pilaris'
[030/336] SCIN-2389185407987087869            truth=Allergic Contact Dermatitis    pred=Allergic Contact Dermatitis    ✓ fst=III-IV   t=0.3s raw='Allergic Contact Dermatitis'
[031/336] SCIN--4154592516831070190           truth=Allergic Contact Dermatitis    pred=Acute dermatitis, NOS          ✗ fst=I-II     t=0.3s raw='Acute dermatitis, NOS'
[032/336] SCIN-5728037008848615215            truth=Allergic Contact Dermatitis    pred=Acute dermatitis, NOS          ✗ fst=III-IV   t=0.3s raw='Acute dermatitis, NOS'
[033/336] SCIN--4888752062408288970           truth=Allergic Contact Dermatitis    pred=Acute dermatitis, NOS          ✗ fst=I-II     t=0.3s raw='Acute dermatitis, NOS'
[034/336] SCIN-5642859456660035960            truth=Allergic Contact Dermatitis    pred=Eczema                         ✗ fst=III-IV   t=0.3s raw='Eczema'
[035/336] SCIN-3641213346667363410            truth=Allergic Contact Dermatitis    pred=Insect Bite                    ✗ fst=I-II     t=0.3s raw='Insect Bite'
[036/336] SCIN--4605740019003216427           truth=Allergic Contact Dermatitis    pred=Psoriasis                      ✗ fst=III-IV   t=0.3s raw='Psoriasis'
[037/336] SCIN-4716235809681478742            truth=Allergic Contact Dermatitis    pred=Allergic Contact Dermatitis    ✓ fst=I-II     t=0.3s raw='Allergic Contact Dermatitis'
[038/336] SCIN-5454196086035642390            truth=Allergic Contact Dermatitis    pred=Urticaria                      ✗ fst=III-IV   t=0.3s raw='Urticaria'
[039/336] SCIN-2589196630648590712            truth=Allergic Contact Dermatitis    pred=Acute dermatitis, NOS          ✗ fst=I-II     t=0.3s raw='Acute dermatitis, NOS'
[040/336] SCIN-7890977335291622439            truth=Allergic Contact Dermatitis    pred=Allergic Contact Dermatitis    ✓ fst=III-IV   t=0.3s raw='Allergic Contact Dermatitis'
[041/336] SCIN-8121408208937913379            truth=Allergic Contact Dermatitis    pred=Eczema                         ✗ fst=I-II     t=0.3s raw='Eczema'
[042/336] SCIN--2420670963295906064           truth=Allergic Contact Dermatitis    pred=Tinea                          ✗ fst=III-IV   t=0.2s raw='Tinea'
[043/336] SCIN-5820803283917487342            truth=Allergic Contact Dermatitis    pred=Abrasion, scrape, or scab      ✗ fst=I-II     t=0.4s raw='Abrasion, scrape, or scab'
[044/336] SCIN-8733225459543319051            truth=Allergic Contact Dermatitis    pred=Granuloma annulare             ✗ fst=III-IV   t=0.3s raw='Granuloma annulare'
[045/336] SCIN-6317542003263234425            truth=Allergic Contact Dermatitis    pred=Insect Bite                    ✗ fst=I-II     t=0.3s raw='Insect Bite'
[046/336] SCIN--408534567856996060            truth=Allergic Contact Dermatitis    pred=Allergic Contact Dermatitis    ✓ fst=III-IV   t=0.3s raw='Allergic Contact Dermatitis'
[047/336] SCIN-7583101550894209107            truth=CD - Contact dermatitis        pred=Acute dermatitis, NOS          ✗ fst=I-II     t=0.3s raw='Acute dermatitis, NOS'
[048/336] SCIN-8644997413483835653            truth=CD - Contact dermatitis        pred=Allergic Contact Dermatitis    ✗ fst=I-II     t=0.3s raw='Allergic Contact Dermatitis'
[049/336] SCIN-1339661251231389364            truth=CD - Contact dermatitis        pred=Tinea                          ✗ fst=I-II     t=0.2s raw='Tinea'
[050/336] SCIN-3908037707863400902            truth=CD - Contact dermatitis        pred=Verruca vulgaris               ✗ fst=I-II     t=0.3s raw='Verruca vulgaris'
[051/336] SCIN--2835025510005310152           truth=CD - Contact dermatitis        pred=Pityriasis rosea               ✗ fst=I-II     t=0.3s raw='Pityriasis rosea'
[052/336] SCIN--2685406940260388372           truth=CD - Contact dermatitis        pred=Insect Bite                    ✗ fst=I-II     t=0.3s raw='Insect Bite'
[053/336] SCIN--7748469913070145463           truth=CD - Contact dermatitis        pred=Tinea                          ✗ fst=I-II     t=0.3s raw='Tinea'
[054/336] SCIN--9088712704113417292           truth=Drug Rash                      pred=Urticaria                      ✗ fst=I-II     t=0.3s raw='Urticaria'
[055/336] SCIN--4588998586738992246           truth=Drug Rash                      pred=Keratosis pilaris              ✗ fst=III-IV   t=0.3s raw='Keratosis pilaris'
[056/336] SCIN--5266894220476412069           truth=Drug Rash                      pred=Acute dermatitis, NOS          ✗ fst=I-II     t=0.3s raw='Acute dermatitis, NOS'
[057/336] SCIN-8021394879303182286            truth=Drug Rash                      pred=Tinea                          ✗ fst=III-IV   t=0.3s raw='Tinea'
[058/336] SCIN--5590702956804148448           truth=Drug Rash                      pred=Allergic Contact Dermatitis    ✗ fst=I-II     t=0.3s raw='Allergic Contact Dermatitis'
[059/336] SCIN-901044982929616236             truth=Drug Rash                      pred=Tinea                          ✗ fst=III-IV   t=0.2s raw='Tinea'
[060/336] SCIN--9190247622747939061           truth=Drug Rash                      pred=Drug Rash                      ✓ fst=I-II     t=0.2s raw='Drug Rash'
[061/336] SCIN--7153750305679064145           truth=Drug Rash                      pred=Stasis Dermatitis              ✗ fst=III-IV   t=0.3s raw='Stasis Dermatitis'
[062/336] SCIN--2967497432069044121           truth=Drug Rash                      pred=Urticaria                      ✗ fst=I-II     t=0.3s raw='Urticaria'
[063/336] SCIN--7090021276954018675           truth=Drug Rash                      pred=Psoriasis                      ✗ fst=III-IV   t=0.3s raw='Psoriasis'
[064/336] SCIN--704918755156824855            truth=Drug Rash                      pred=Pityriasis rosea               ✗ fst=I-II     t=0.3s raw='Pityriasis rosea'
[065/336] SCIN--1226908042701108862           truth=Drug Rash                      pred=Purpura                        ✗ fst=III-IV   t=0.2s raw='Purpura'
[066/336] SCIN-3456891911232930877            truth=Eczema                         pred=Keratosis pilaris              ✗ fst=V-VI     t=0.3s raw='Keratosis pilaris'
[067/336] SCIN-8071773760767575918            truth=Eczema                         pred=Psoriasis                      ✗ fst=I-II     t=0.3s raw='Psoriasis'
[068/336] SCIN-5275181661240813075            truth=Eczema                         pred=Eczema                         ✓ fst=III-IV   t=0.2s raw='Eczema'
[069/336] SCIN-1163886050326602708            truth=Eczema                         pred=Keratosis pilaris              ✗ fst=V-VI     t=0.3s raw='Keratosis pilaris'
[070/336] SCIN-3998476769988018648            truth=Eczema                         pred=Lichen planus/lichenoid eruption ✗ fst=I-II     t=0.4s raw='Lichen planus/lichenoid eruption'
[071/336] SCIN-3914126473410086984            truth=Eczema                         pred=Allergic Contact Dermatitis    ✗ fst=III-IV   t=0.3s raw='Allergic Contact Dermatitis'
[072/336] SCIN-2426005272291842267            truth=Eczema                         pred=Tinea                          ✗ fst=V-VI     t=0.3s raw='Tinea'
[073/336] SCIN--5386001319667999365           truth=Eczema                         pred=Eczema                         ✓ fst=I-II     t=0.3s raw='Eczema'
[074/336] SCIN-2718854131676367612            truth=Eczema                         pred=Eczema                         ✓ fst=III-IV   t=0.2s raw='Eczema'
[075/336] SCIN--55453462805346412             truth=Eczema                         pred=Stasis Dermatitis              ✗ fst=V-VI     t=0.3s raw='Stasis Dermatitis'
[076/336] SCIN--5053547823727699517           truth=Eczema                         pred=Eczema                         ✓ fst=I-II     t=0.3s raw='Eczema'
[077/336] SCIN--1440607007617551864           truth=Eczema                         pred=Eczema                         ✓ fst=III-IV   t=0.3s raw='Eczema'
[078/336] SCIN--2219827066341789081           truth=Eczema                         pred=Eczema                         ✓ fst=V-VI     t=0.3s raw='Eczema'
[079/336] SCIN--3334867013813268088           truth=Eczema                         pred=Eczema                         ✓ fst=I-II     t=0.3s raw='Eczema'
[080/336] SCIN--3053256628485862140           truth=Eczema                         pred=Herpes Simplex                 ✗ fst=III-IV   t=0.3s raw='Herpes Simplex'
[081/336] SCIN--6118687420139087611           truth=Eczema                         pred=Stasis Dermatitis              ✗ fst=V-VI     t=0.3s raw='Stasis Dermatitis'
[082/336] SCIN--887349597372827539            truth=Eczema                         pred=Acute dermatitis, NOS          ✗ fst=I-II     t=0.3s raw='Acute dermatitis, NOS'
[083/336] SCIN--5007684126286758763           truth=Eczema                         pred=Eczema                         ✓ fst=III-IV   t=0.3s raw='Eczema'
[084/336] SCIN-5638485555901716918            truth=Eczema                         pred=Eczema                         ✓ fst=V-VI     t=0.3s raw='Eczema'
[085/336] SCIN-3397875770673970206            truth=Eczema                         pred=Tinea                          ✗ fst=I-II     t=0.2s raw='Tinea'
[086/336] SCIN--2051363250643774652           truth=Folliculitis                   pred=Urticaria                      ✗ fst=III-IV   t=0.3s raw='Urticaria'
[087/336] SCIN-4860862531174713006            truth=Folliculitis                   pred=Folliculitis                   ✓ fst=I-II     t=0.3s raw='Folliculitis'
[088/336] SCIN--707950849867291642            truth=Folliculitis                   pred=Abrasion, scrape, or scab      ✗ fst=III-IV   t=0.4s raw='Abrasion, scrape, or scab'
[089/336] SCIN-3910036176802997486            truth=Folliculitis                   pred=Insect Bite                    ✗ fst=I-II     t=0.2s raw='Insect Bite'
[090/336] SCIN-3689862615752795245            truth=Folliculitis                   pred=Eczema                         ✗ fst=III-IV   t=0.3s raw='Eczema'
[091/336] SCIN-2544728617164619888            truth=Folliculitis                   pred=Purpura                        ✗ fst=I-II     t=0.2s raw='Purpura'
[092/336] SCIN-8078665794653560810            truth=Folliculitis                   pred=Tinea                          ✗ fst=III-IV   t=0.2s raw='Tinea'
[093/336] SCIN-2383547606705121100            truth=Folliculitis                   pred=Folliculitis                   ✓ fst=I-II     t=0.3s raw='Folliculitis'
[094/336] SCIN--9080876840738845556           truth=Folliculitis                   pred=Eczema                         ✗ fst=III-IV   t=0.2s raw='Eczema'
[095/336] SCIN-7766253481783555886            truth=Folliculitis                   pred=Allergic Contact Dermatitis    ✗ fst=I-II     t=0.3s raw='Allergic Contact Dermatitis'
[096/336] SCIN--7140426751919971254           truth=Folliculitis                   pred=Insect Bite                    ✗ fst=III-IV   t=0.2s raw='Insect Bite'
[097/336] SCIN--8077935876609010934           truth=Folliculitis                   pred=Folliculitis                   ✓ fst=I-II     t=0.3s raw='Folliculitis'
[098/336] SCIN-3703025959306724787            truth=Folliculitis                   pred=Purpura                        ✗ fst=III-IV   t=0.2s raw='Purpura'
[099/336] SCIN-6712413870544266528            truth=Folliculitis                   pred=Folliculitis                   ✓ fst=I-II     t=0.3s raw='Folliculitis'
[100/336] SCIN-5483324975095927683            truth=Folliculitis                   pred=Folliculitis                   ✓ fst=III-IV   t=0.3s raw='Folliculitis'
[101/336] SCIN-5994980676917963050            truth=Folliculitis                   pred=Insect Bite                    ✗ fst=I-II     t=0.2s raw='Insect Bite'
[102/336] SCIN-1661728693931084309            truth=Folliculitis                   pred=Acute dermatitis, NOS          ✗ fst=III-IV   t=0.3s raw='Acute dermatitis, NOS'
[103/336] SCIN--3247544067658330427           truth=Folliculitis                   pred=Acute dermatitis, NOS          ✗ fst=I-II     t=0.3s raw='Acute dermatitis, NOS'
[104/336] SCIN-998890198757718998             truth=Folliculitis                   pred=Folliculitis                   ✓ fst=III-IV   t=0.3s raw='Folliculitis'
[105/336] SCIN-2068196966908686742            truth=Folliculitis                   pred=Acute dermatitis, NOS          ✗ fst=I-II     t=0.3s raw='Acute dermatitis, NOS'
[106/336] SCIN-3519536096571781569            truth=Granuloma annulare             pred=Purpura                        ✗ fst=III-IV   t=0.3s raw='Purpura'
[107/336] SCIN--3860721172757189154           truth=Granuloma annulare             pred=Tinea                          ✗ fst=III-IV   t=0.2s raw='Tinea'
[108/336] SCIN-3413683968657410865            truth=Granuloma annulare             pred=Tinea                          ✗ fst=III-IV   t=0.3s raw='Tinea'
[109/336] SCIN--7452866027735210535           truth=Granuloma annulare             pred=Tinea                          ✗ fst=III-IV   t=0.2s raw='Tinea'
[110/336] SCIN--6774500748419127436           truth=Granuloma annulare             pred=Psoriasis                      ✗ fst=III-IV   t=0.2s raw='Psoriasis'
[111/336] SCIN--4417227845828733613           truth=Herpes Simplex                 pred=Herpes Zoster                  ✗ fst=I-II     t=0.3s raw='Herpes Zoster'
[112/336] SCIN--2604354007631102660           truth=Herpes Simplex                 pred=Herpes Zoster                  ✗ fst=III-IV   t=0.3s raw='Herpes Zoster'
[113/336] SCIN-8880285596507415327            truth=Herpes Simplex                 pred=Herpes Zoster                  ✗ fst=I-II     t=0.3s raw='Herpes Zoster'
[114/336] SCIN-868379715655855009             truth=Herpes Simplex                 pred=Granuloma annulare             ✗ fst=III-IV   t=0.3s raw='Granuloma annulare'
[115/336] SCIN-2321704667922481215            truth=Herpes Simplex                 pred=Allergic Contact Dermatitis    ✗ fst=I-II     t=0.3s raw='Allergic Contact Dermatitis'
[116/336] SCIN-8242900516684026470            truth=Herpes Simplex                 pred=Insect Bite                    ✗ fst=III-IV   t=0.2s raw='Insect Bite'
[117/336] SCIN-8376081099122980433            truth=Herpes Simplex                 pred=Folliculitis                   ✗ fst=I-II     t=0.3s raw='Folliculitis'
[118/336] SCIN-5164167076991662974            truth=Herpes Simplex                 pred=Acute dermatitis, NOS          ✗ fst=III-IV   t=0.3s raw='Acute dermatitis, NOS'
[119/336] SCIN--7637240478939124697           truth=Herpes Simplex                 pred=Tinea                          ✗ fst=I-II     t=0.3s raw='Tinea'
[120/336] SCIN--3953587143997695093           truth=Herpes Simplex                 pred=Herpes Zoster                  ✗ fst=III-IV   t=0.3s raw='Herpes Zoster'
[121/336] SCIN--1235573782679771458           truth=Herpes Simplex                 pred=Folliculitis                   ✗ fst=III-IV   t=0.3s raw='Folliculitis'
[122/336] SCIN-8486753479245175785            truth=Herpes Zoster                  pred=Purpura                        ✗ fst=I-II     t=0.2s raw='Purpura'
[123/336] SCIN-6144335021487759808            truth=Herpes Zoster                  pred=Allergic Contact Dermatitis    ✗ fst=III-IV   t=0.3s raw='Allergic Contact Dermatitis'
[124/336] SCIN--1262951599314161924           truth=Herpes Zoster                  pred=Herpes Zoster                  ✓ fst=III-IV   t=0.3s raw='Herpes Zoster'
[125/336] SCIN-2670414153543408123            truth=Herpes Zoster                  pred=Acute dermatitis, NOS          ✗ fst=III-IV   t=0.3s raw='Acute dermatitis, NOS'
[126/336] SCIN-813985591513517003             truth=Herpes Zoster                  pred=Herpes Zoster                  ✓ fst=III-IV   t=0.3s raw='Herpes Zoster'
[127/336] SCIN-7575087341348739013            truth=Herpes Zoster                  pred=Herpes Zoster                  ✓ fst=III-IV   t=0.3s raw='Herpes Zoster'
[128/336] SCIN--352783143458693731            truth=Herpes Zoster                  pred=Herpes Zoster                  ✓ fst=III-IV   t=0.3s raw='Herpes Zoster'
[129/336] SCIN-2199880034190329622            truth=Herpes Zoster                  pred=Tinea                          ✗ fst=III-IV   t=0.2s raw='Tinea'
[130/336] SCIN-6374340680682834421            truth=Herpes Zoster                  pred=Allergic Contact Dermatitis    ✗ fst=III-IV   t=0.3s raw='Allergic Contact Dermatitis'
[131/336] SCIN--8843030333916443411           truth=Herpes Zoster                  pred=Allergic Contact Dermatitis    ✗ fst=III-IV   t=0.3s raw='Allergic Contact Dermatitis'
[132/336] SCIN--5799469929402460997           truth=Herpes Zoster                  pred=Purpura                        ✗ fst=III-IV   t=0.3s raw='Purpura'
[133/336] SCIN-7279312950410843093            truth=Herpes Zoster                  pred=Purpura                        ✗ fst=III-IV   t=0.2s raw='Purpura'
[134/336] SCIN--8993770746039498677           truth=Herpes Zoster                  pred=Verruca vulgaris               ✗ fst=III-IV   t=0.3s raw='Verruca vulgaris'
[135/336] SCIN-4816595464076517154            truth=Herpes Zoster                  pred=Allergic Contact Dermatitis    ✗ fst=III-IV   t=0.3s raw='Allergic Contact Dermatitis'
[136/336] SCIN-616953236969426266             truth=Hypersensitivity               pred=Acute dermatitis, NOS          ✗ fst=I-II     t=0.2s raw='Acute dermatitis, NOS'
[137/336] SCIN-8886524763396752520            truth=Hypersensitivity               pred=Urticaria                      ✗ fst=I-II     t=0.3s raw='Urticaria'
[138/336] SCIN--7107358041068085615           truth=Hypersensitivity               pred=Acute dermatitis, NOS          ✗ fst=I-II     t=0.3s raw='Acute dermatitis, NOS'
[139/336] SCIN-4534189502966996346            truth=Hypersensitivity               pred=Acute dermatitis, NOS          ✗ fst=I-II     t=0.3s raw='Acute dermatitis, NOS'
[140/336] SCIN-8258334956028551745            truth=Hypersensitivity               pred=Eczema                         ✗ fst=I-II     t=0.3s raw='Eczema'
[141/336] SCIN--1420442426037207871           truth=Impetigo                       pred=Impetigo                       ✓ fst=I-II     t=0.3s raw='Impetigo'
[142/336] SCIN--3738245088908487090           truth=Impetigo                       pred=Insect Bite                    ✗ fst=III-IV   t=0.3s raw='Insect Bite'
[143/336] SCIN-8066959403662147836            truth=Impetigo                       pred=Granuloma annulare             ✗ fst=I-II     t=0.3s raw='Granuloma annulare'
[144/336] SCIN--2825268606715146676           truth=Impetigo                       pred=Insect Bite                    ✗ fst=III-IV   t=0.2s raw='Insect Bite'
[145/336] SCIN--1542593210179870498           truth=Impetigo                       pred=Abrasion, scrape, or scab      ✗ fst=I-II     t=0.4s raw='Abrasion, scrape, or scab'
[146/336] SCIN--1506234296954769772           truth=Impetigo                       pred=Impetigo                       ✓ fst=III-IV   t=0.3s raw='Impetigo'
[147/336] SCIN--6563805086856303115           truth=Impetigo                       pred=Tinea                          ✗ fst=I-II     t=0.3s raw='Tinea'
[148/336] SCIN-2103712614285052297            truth=Impetigo                       pred=Impetigo                       ✓ fst=I-II     t=0.3s raw='Impetigo'
[149/336] SCIN--4265169335480966329           truth=Impetigo                       pred=Allergic Contact Dermatitis    ✗ fst=I-II     t=0.3s raw='Allergic Contact Dermatitis'
[150/336] SCIN-2568994983757403058            truth=Impetigo                       pred=Insect Bite                    ✗ fst=I-II     t=0.3s raw='Insect Bite'
[151/336] SCIN-754701114045540779             truth=Impetigo                       pred=Insect Bite                    ✗ fst=I-II     t=0.2s raw='Insect Bite'
[152/336] SCIN-5106560956638041339            truth=Impetigo                       pred=Herpes Simplex                 ✗ fst=I-II     t=0.3s raw='Herpes Simplex'
[153/336] SCIN--159306299408086544            truth=Impetigo                       pred=Herpes Zoster                  ✗ fst=I-II     t=0.3s raw='Herpes Zoster'
[154/336] SCIN--7800004629114489202           truth=Impetigo                       pred=Tinea                          ✗ fst=I-II     t=0.3s raw='Tinea'
[155/336] SCIN-7956606283659714888            truth=Insect Bite                    pred=Acute dermatitis, NOS          ✗ fst=I-II     t=0.3s raw='Acute dermatitis, NOS'
[156/336] SCIN-4653155751315316339            truth=Insect Bite                    pred=Insect Bite                    ✓ fst=III-IV   t=0.2s raw='Insect Bite'
[157/336] SCIN--545007797193276281            truth=Insect Bite                    pred=Insect Bite                    ✓ fst=I-II     t=0.2s raw='Insect Bite'
[158/336] SCIN-4058082235116220271            truth=Insect Bite                    pred=Insect Bite                    ✓ fst=III-IV   t=0.2s raw='Insect Bite'
[159/336] SCIN--2618609792423828453           truth=Insect Bite                    pred=Verruca vulgaris               ✗ fst=I-II     t=0.3s raw='Verruca vulgaris'
[160/336] SCIN-2461094725105627345            truth=Insect Bite                    pred=Impetigo                       ✗ fst=III-IV   t=0.3s raw='Impetigo'
[161/336] SCIN-2895479525999005295            truth=Insect Bite                    pred=Insect Bite                    ✓ fst=I-II     t=0.2s raw='Insect Bite'
[162/336] SCIN--2720118774298247704           truth=Insect Bite                    pred=Insect Bite                    ✓ fst=III-IV   t=0.2s raw='Insect Bite'
[163/336] SCIN--3753220776898215006           truth=Insect Bite                    pred=Insect Bite                    ✓ fst=I-II     t=0.2s raw='Insect Bite'
[164/336] SCIN--8510849479250796759           truth=Insect Bite                    pred=Insect Bite                    ✓ fst=III-IV   t=0.3s raw='Insect Bite'
[165/336] SCIN-2774822906299888049            truth=Insect Bite                    pred=Psoriasis                      ✗ fst=I-II     t=0.2s raw='Psoriasis'
[166/336] SCIN--3500001267820823094           truth=Insect Bite                    pred=Purpura                        ✗ fst=III-IV   t=0.2s raw='Purpura'
[167/336] SCIN--8717214960305771044           truth=Insect Bite                    pred=Abrasion, scrape, or scab      ✗ fst=I-II     t=0.3s raw='Abrasion, scrape, or scab'
[168/336] SCIN--551419803257921553            truth=Insect Bite                    pred=Urticaria                      ✗ fst=III-IV   t=0.3s raw='Urticaria'
[169/336] SCIN--7140014089720664807           truth=Insect Bite                    pred=Insect Bite                    ✓ fst=I-II     t=0.3s raw='Insect Bite'
[170/336] SCIN-6609314029368749758            truth=Insect Bite                    pred=Insect Bite                    ✓ fst=III-IV   t=0.2s raw='Insect Bite'
[171/336] SCIN--8280175619096064565           truth=Insect Bite                    pred=Allergic Contact Dermatitis    ✗ fst=I-II     t=0.3s raw='Allergic Contact Dermatitis'
[172/336] SCIN--6387360070446965833           truth=Insect Bite                    pred=Insect Bite                    ✓ fst=III-IV   t=0.2s raw='Insect Bite'
[173/336] SCIN--4254925982535474930           truth=Insect Bite                    pred=Prurigo nodularis              ✗ fst=I-II     t=0.3s raw='Prurigo nodularis'
[174/336] SCIN-325284060839949957             truth=Insect Bite                    pred=Purpura                        ✗ fst=III-IV   t=0.2s raw='Purpura'
[175/336] SCIN-1825362545195630068            truth=Irritant Contact Dermatitis    pred=Allergic Contact Dermatitis    ✗ fst=III-IV   t=0.3s raw='Allergic Contact Dermatitis'
[176/336] SCIN-2723647696931718217            truth=Irritant Contact Dermatitis    pred=Acute dermatitis, NOS          ✗ fst=I-II     t=0.3s raw='Acute dermatitis, NOS'
[177/336] SCIN-7587831728938276717            truth=Irritant Contact Dermatitis    pred=Allergic Contact Dermatitis    ✗ fst=III-IV   t=0.3s raw='Allergic Contact Dermatitis'
[178/336] SCIN--8284499618715660023           truth=Irritant Contact Dermatitis    pred=Abrasion, scrape, or scab      ✗ fst=I-II     t=0.4s raw='Abrasion, scrape, or scab'
[179/336] SCIN--2780342084189206452           truth=Irritant Contact Dermatitis    pred=Acute dermatitis, NOS          ✗ fst=III-IV   t=0.3s raw='Acute dermatitis, NOS'
[180/336] SCIN--9049436803422920702           truth=Irritant Contact Dermatitis    pred=Insect Bite                    ✗ fst=I-II     t=0.2s raw='Insect Bite'
[181/336] SCIN--1514456898517312171           truth=Irritant Contact Dermatitis    pred=Irritant Contact Dermatitis    ✓ fst=III-IV   t=0.3s raw='Irritant Contact Dermatitis'
[182/336] SCIN--5272241257584231004           truth=Irritant Contact Dermatitis    pred=Abrasion, scrape, or scab      ✗ fst=I-II     t=0.4s raw='Abrasion, scrape, or scab'
[183/336] SCIN--4371012133636486404           truth=Keratosis pilaris              pred=Keratosis pilaris              ✓ fst=I-II     t=0.3s raw='Keratosis pilaris'
[184/336] SCIN--1679661288171171796           truth=Keratosis pilaris              pred=Folliculitis                   ✗ fst=I-II     t=0.3s raw='Folliculitis'
[185/336] SCIN-7290196445019508039            truth=Keratosis pilaris              pred=Folliculitis                   ✗ fst=I-II     t=0.3s raw='Folliculitis'
[186/336] SCIN-6905822377340514025            truth=Keratosis pilaris              pred=Eczema                         ✗ fst=I-II     t=0.3s raw='Eczema'
[187/336] SCIN-522633946607200300             truth=Keratosis pilaris              pred=Viral Exanthem                 ✗ fst=I-II     t=0.3s raw='Viral Exanthem'
[188/336] SCIN--7356985420433959890           truth=Keratosis pilaris              pred=Acute dermatitis, NOS          ✗ fst=I-II     t=0.3s raw='Acute dermatitis, NOS'
[189/336] SCIN-1686314235700177799            truth=Leukocytoclastic Vasculitis    pred=Leukocytoclastic Vasculitis    ✓ fst=III-IV   t=0.3s raw='Leukocytoclastic Vasculitis'
[190/336] SCIN-4942503846152312373            truth=Leukocytoclastic Vasculitis    pred=Purpura                        ✗ fst=III-IV   t=0.2s raw='Purpura'
[191/336] SCIN--8971734718128539001           truth=Leukocytoclastic Vasculitis    pred=Pigmented purpuric eruption    ✗ fst=III-IV   t=0.3s raw='Pigmented purpuric eruption'
[192/336] SCIN-7248955316252325726            truth=Leukocytoclastic Vasculitis    pred=Tinea                          ✗ fst=III-IV   t=0.2s raw='Tinea'
[193/336] SCIN--6485961062381271236           truth=Leukocytoclastic Vasculitis    pred=Pigmented purpuric eruption    ✗ fst=III-IV   t=0.4s raw='Pigmented purpuric eruption'
[194/336] SCIN-224389282779489056             truth=Lichen Simplex Chronicus       pred=Stasis Dermatitis              ✗ fst=III-IV   t=0.3s raw='Stasis Dermatitis'
[195/336] SCIN-7948232149813529685            truth=Lichen Simplex Chronicus       pred=Folliculitis                   ✗ fst=III-IV   t=0.3s raw='Folliculitis'
[196/336] SCIN--7378727609553496088           truth=Lichen Simplex Chronicus       pred=Stasis Dermatitis              ✗ fst=III-IV   t=0.3s raw='Stasis Dermatitis'
[197/336] SCIN--4211176024314282089           truth=Lichen Simplex Chronicus       pred=Stasis Dermatitis              ✗ fst=III-IV   t=0.3s raw='Stasis Dermatitis'
[198/336] SCIN-2375904460531983375            truth=Lichen Simplex Chronicus       pred=Stasis Dermatitis              ✗ fst=III-IV   t=0.3s raw='Stasis Dermatitis'
[199/336] SCIN--3341443246376937478           truth=Lichen Simplex Chronicus       pred=Psoriasis                      ✗ fst=III-IV   t=0.3s raw='Psoriasis'
[200/336] SCIN--5325188904352360195           truth=Lichen planus/lichenoid eruption pred=Stasis Dermatitis              ✗ fst=III-IV   t=0.3s raw='Stasis Dermatitis'
[201/336] SCIN-8142922305296725414            truth=Lichen planus/lichenoid eruption pred=Folliculitis                   ✗ fst=III-IV   t=0.3s raw='Folliculitis'
[202/336] SCIN-5588993206815623210            truth=Lichen planus/lichenoid eruption pred=Lichen Simplex Chronicus       ✗ fst=III-IV   t=0.3s raw='Lichen Simplex Chronicus'
[203/336] SCIN-3255932031018974383            truth=Lichen planus/lichenoid eruption pred=Pigmented purpuric eruption    ✗ fst=III-IV   t=0.3s raw='Pigmented purpuric eruption'
[204/336] SCIN-6127302648155128189            truth=Lichen planus/lichenoid eruption pred=Psoriasis                      ✗ fst=III-IV   t=0.3s raw='Psoriasis'
[205/336] SCIN-1130586419615240284            truth=Lichen planus/lichenoid eruption pred=Prurigo nodularis              ✗ fst=III-IV   t=0.3s raw='Prurigo nodularis'
[206/336] SCIN-5450038418416367958            truth=O/E - ecchymoses present       pred=O/E - ecchymoses present       ✓ fst=I-II     t=0.3s raw='O/E - ecchymoses present'
[207/336] SCIN--8820825380794020489           truth=O/E - ecchymoses present       pred=Purpura                        ✗ fst=I-II     t=0.2s raw='Purpura'
[208/336] SCIN--9154862390650963481           truth=O/E - ecchymoses present       pred=Purpura                        ✗ fst=I-II     t=0.3s raw='Purpura'
[209/336] SCIN--7098783168871569038           truth=O/E - ecchymoses present       pred=Purpura                        ✗ fst=I-II     t=0.2s raw='Purpura'
[210/336] SCIN-5479718965669044595            truth=O/E - ecchymoses present       pred=Allergic Contact Dermatitis    ✗ fst=I-II     t=0.3s raw='Allergic Contact Dermatitis'
[211/336] SCIN-7539490755102451113            truth=O/E - ecchymoses present       pred=Purpura                        ✗ fst=I-II     t=0.3s raw='Purpura'
[212/336] SCIN--9130798652776451156           truth=Photodermatitis                pred=Stasis Dermatitis              ✗ fst=III-IV   t=0.3s raw='Stasis Dermatitis'
[213/336] SCIN-2461852500300884127            truth=Photodermatitis                pred=Acute dermatitis, NOS          ✗ fst=I-II     t=0.3s raw='Acute dermatitis, NOS'
[214/336] SCIN-9039767909166150510            truth=Photodermatitis                pred=Insect Bite                    ✗ fst=I-II     t=0.2s raw='Insect Bite'
[215/336] SCIN--814257182323135617            truth=Photodermatitis                pred=Acute dermatitis, NOS          ✗ fst=I-II     t=0.3s raw='Acute dermatitis, NOS'
[216/336] SCIN--2885771906506928784           truth=Photodermatitis                pred=Allergic Contact Dermatitis    ✗ fst=I-II     t=0.3s raw='Allergic Contact Dermatitis'
[217/336] SCIN--2150463267452276660           truth=Pigmented purpuric eruption    pred=Tinea                          ✗ fst=III-IV   t=0.3s raw='Tinea'
[218/336] SCIN--7696969096166286881           truth=Pigmented purpuric eruption    pred=Pigmented purpuric eruption    ✓ fst=I-II     t=0.3s raw='Pigmented purpuric eruption'
[219/336] SCIN-7235439692769072121            truth=Pigmented purpuric eruption    pred=Keratosis pilaris              ✗ fst=III-IV   t=0.3s raw='Keratosis pilaris'
[220/336] SCIN-1537613128125100545            truth=Pigmented purpuric eruption    pred=Pigmented purpuric eruption    ✓ fst=I-II     t=0.3s raw='Pigmented purpuric eruption'
[221/336] SCIN--167378004455290906            truth=Pigmented purpuric eruption    pred=Stasis Dermatitis              ✗ fst=III-IV   t=0.3s raw='Stasis Dermatitis'
[222/336] SCIN--8571293904293571190           truth=Pigmented purpuric eruption    pred=Pigmented purpuric eruption    ✓ fst=I-II     t=0.3s raw='Pigmented purpuric eruption'
[223/336] SCIN--4892781362024578938           truth=Pigmented purpuric eruption    pred=Pigmented purpuric eruption    ✓ fst=III-IV   t=0.3s raw='Pigmented purpuric eruption'
[224/336] SCIN-4029104988964587991            truth=Pigmented purpuric eruption    pred=Granuloma annulare             ✗ fst=I-II     t=0.3s raw='Granuloma annulare'
[225/336] SCIN-7674790120161506871            truth=Pigmented purpuric eruption    pred=Pigmented purpuric eruption    ✓ fst=III-IV   t=0.3s raw='Pigmented purpuric eruption'
[226/336] SCIN-2696418856835255165            truth=Pigmented purpuric eruption    pred=Pigmented purpuric eruption    ✓ fst=I-II     t=0.3s raw='Pigmented purpuric eruption'
[227/336] SCIN-2598954864373561980            truth=Pigmented purpuric eruption    pred=Purpura                        ✗ fst=III-IV   t=0.2s raw='Purpura'
[228/336] SCIN-720266459463264671             truth=Pigmented purpuric eruption    pred=Pigmented purpuric eruption    ✓ fst=III-IV   t=0.4s raw='Pigmented purpuric eruption'
[229/336] SCIN-2196496469746162952            truth=Pityriasis rosea               pred=Tinea                          ✗ fst=I-II     t=0.2s raw='Tinea'
[230/336] SCIN-1238265450986490488            truth=Pityriasis rosea               pred=Tinea Versicolor               ✗ fst=III-IV   t=0.3s raw='Tinea Versicolor'
[231/336] SCIN--5634571773568626445           truth=Pityriasis rosea               pred=Tinea                          ✗ fst=I-II     t=0.2s raw='Tinea'
[232/336] SCIN-2246676951969602018            truth=Pityriasis rosea               pred=Allergic Contact Dermatitis    ✗ fst=III-IV   t=0.3s raw='Allergic Contact Dermatitis'
[233/336] SCIN-6539080302481758483            truth=Pityriasis rosea               pred=Granuloma annulare             ✗ fst=I-II     t=0.3s raw='Granuloma annulare'
[234/336] SCIN-8255790445154914873            truth=Pityriasis rosea               pred=Pityriasis rosea               ✓ fst=I-II     t=0.3s raw='Pityriasis rosea'
[235/336] SCIN-891683595089224671             truth=Pityriasis rosea               pred=Tinea                          ✗ fst=I-II     t=0.2s raw='Tinea'
[236/336] SCIN--8385554111491399495           truth=Pityriasis rosea               pred=Tinea Versicolor               ✗ fst=I-II     t=0.3s raw='Tinea Versicolor'
[237/336] SCIN--8239179538315697833           truth=Pityriasis rosea               pred=Folliculitis                   ✗ fst=I-II     t=0.3s raw='Folliculitis'
[238/336] SCIN-2860837253004146979            truth=Prurigo nodularis              pred=Purpura                        ✗ fst=III-IV   t=0.2s raw='Purpura'
[239/336] SCIN--4749402405697711787           truth=Prurigo nodularis              pred=Pigmented purpuric eruption    ✗ fst=III-IV   t=0.3s raw='Pigmented purpuric eruption'
[240/336] SCIN--3773809556979584209           truth=Prurigo nodularis              pred=Purpura                        ✗ fst=III-IV   t=0.2s raw='Purpura'
[241/336] SCIN-1365611411583881452            truth=Prurigo nodularis              pred=Insect Bite                    ✗ fst=III-IV   t=0.2s raw='Insect Bite'
[242/336] SCIN--1521661966793304054           truth=Psoriasis                      pred=Psoriasis                      ✓ fst=III-IV   t=0.2s raw='Psoriasis'
[243/336] SCIN--362162726839954708            truth=Psoriasis                      pred=Eczema                         ✗ fst=I-II     t=0.3s raw='Eczema'
[244/336] SCIN--568386322973258434            truth=Psoriasis                      pred=Eczema                         ✗ fst=III-IV   t=0.3s raw='Eczema'
[245/336] SCIN-1114663446458712487            truth=Psoriasis                      pred=Insect Bite                    ✗ fst=I-II     t=0.2s raw='Insect Bite'
[246/336] SCIN--6022620135219018228           truth=Psoriasis                      pred=Insect Bite                    ✗ fst=III-IV   t=0.3s raw='Insect Bite'
[247/336] SCIN-5759072824389330562            truth=Psoriasis                      pred=Urticaria                      ✗ fst=I-II     t=0.3s raw='Urticaria'
[248/336] SCIN--6142155352076831737           truth=Psoriasis                      pred=Abrasion, scrape, or scab      ✗ fst=III-IV   t=0.3s raw='Abrasion, scrape, or scab'
[249/336] SCIN--952723022706816568            truth=Psoriasis                      pred=Psoriasis                      ✓ fst=I-II     t=0.3s raw='Psoriasis'
[250/336] SCIN-3596099349781140328            truth=Psoriasis                      pred=Allergic Contact Dermatitis    ✗ fst=III-IV   t=0.3s raw='Allergic Contact Dermatitis'
[251/336] SCIN-8345591920766813201            truth=Psoriasis                      pred=Tinea Versicolor               ✗ fst=I-II     t=0.3s raw='Tinea Versicolor'
[252/336] SCIN-8379699954361855633            truth=Psoriasis                      pred=Keratosis pilaris              ✗ fst=III-IV   t=0.3s raw='Keratosis pilaris'
[253/336] SCIN--1733892733234992438           truth=Psoriasis                      pred=Stasis Dermatitis              ✗ fst=I-II     t=0.3s raw='Stasis Dermatitis'
[254/336] SCIN-6227747699238901445            truth=Psoriasis                      pred=Allergic Contact Dermatitis    ✗ fst=III-IV   t=0.3s raw='Allergic Contact Dermatitis'
[255/336] SCIN--8476269231064776989           truth=Psoriasis                      pred=Tinea                          ✗ fst=I-II     t=0.3s raw='Tinea'
[256/336] SCIN--1610022389679467961           truth=Psoriasis                      pred=Folliculitis                   ✗ fst=III-IV   t=0.3s raw='Folliculitis'
[257/336] SCIN--4291551911510839745           truth=Psoriasis                      pred=Allergic Contact Dermatitis    ✗ fst=I-II     t=0.3s raw='Allergic Contact Dermatitis'
[258/336] SCIN-3301384018375137286            truth=Psoriasis                      pred=Psoriasis                      ✓ fst=III-IV   t=0.3s raw='Psoriasis'
[259/336] SCIN--479916690694777966            truth=Psoriasis                      pred=Tinea                          ✗ fst=I-II     t=0.3s raw='Tinea'
[260/336] SCIN-2667111593988346734            truth=Psoriasis                      pred=Keratosis pilaris              ✗ fst=III-IV   t=0.3s raw='Keratosis pilaris'
[261/336] SCIN-7492429969609696054            truth=Psoriasis                      pred=Allergic Contact Dermatitis    ✗ fst=I-II     t=0.3s raw='Allergic Contact Dermatitis'
[262/336] SCIN-4540656391871005899            truth=Purpura                        pred=O/E - ecchymoses present       ✗ fst=III-IV   t=0.4s raw='O/E - ecchymoses present'
[263/336] SCIN--6373621189824225947           truth=Purpura                        pred=Purpura                        ✓ fst=III-IV   t=0.2s raw='Purpura'
[264/336] SCIN-1274997395678793494            truth=Purpura                        pred=Tinea                          ✗ fst=III-IV   t=0.2s raw='Tinea'
[265/336] SCIN--4701177369365447845           truth=Purpura                        pred=Pigmented purpuric eruption    ✗ fst=III-IV   t=0.3s raw='Pigmented purpuric eruption'
[266/336] SCIN--527175009317631950            truth=Rosacea                        pred=Acute dermatitis, NOS          ✗ fst=I-II     t=0.3s raw='Acute dermatitis, NOS'
[267/336] SCIN-1724238275387613430            truth=Rosacea                        pred=Rosacea                        ✓ fst=I-II     t=0.2s raw='Rosacea'
[268/336] SCIN-5041314028913469037            truth=Rosacea                        pred=Acute dermatitis, NOS          ✗ fst=I-II     t=0.3s raw='Acute dermatitis, NOS'
[269/336] SCIN-4243910607926677726            truth=Rosacea                        pred=Rosacea                        ✓ fst=I-II     t=0.2s raw='Rosacea'
[270/336] SCIN-8418262465064552927            truth=Rosacea                        pred=Rosacea                        ✓ fst=I-II     t=0.2s raw='Rosacea'
[271/336] SCIN-4789108431219423909            truth=Rosacea                        pred=?                              ✗ fst=I-II     t=0.3s raw='Unable to determine from the provided image.'
[272/336] SCIN--3407628263497825003           truth=Scabies                        pred=Eczema                         ✗ fst=III-IV   t=0.3s raw='Eczema'
[273/336] SCIN--998049612302349222            truth=Scabies                        pred=Insect Bite                    ✗ fst=I-II     t=0.3s raw='Insect Bite'
[274/336] SCIN-3767962917453420256            truth=Scabies                        pred=Prurigo nodularis              ✗ fst=I-II     t=0.3s raw='Prurigo nodularis'
[275/336] SCIN--6485947403303154678           truth=Scabies                        pred=Insect Bite                    ✗ fst=I-II     t=0.2s raw='Insect Bite'
[276/336] SCIN-8479149565436834873            truth=Stasis Dermatitis              pred=Eczema                         ✗ fst=I-II     t=0.3s raw='Eczema'
[277/336] SCIN-4882846485354174170            truth=Stasis Dermatitis              pred=Eczema                         ✗ fst=III-IV   t=0.3s raw='Eczema'
[278/336] SCIN--7682415475116556600           truth=Stasis Dermatitis              pred=Acute dermatitis, NOS          ✗ fst=I-II     t=0.3s raw='Acute dermatitis, NOS'
[279/336] SCIN-3047975416268791327            truth=Stasis Dermatitis              pred=Drug Rash                      ✗ fst=III-IV   t=0.2s raw='Drug Rash'
[280/336] SCIN--1255305323698889844           truth=Tinea                          pred=Tinea                          ✓ fst=I-II     t=0.2s raw='Tinea'
[281/336] SCIN-7636687047776991161            truth=Tinea                          pred=Stasis Dermatitis              ✗ fst=III-IV   t=0.3s raw='Stasis Dermatitis'
[282/336] SCIN--8365666356999870062           truth=Tinea                          pred=Tinea                          ✓ fst=I-II     t=0.3s raw='Tinea'
[283/336] SCIN-3027955585096410174            truth=Tinea                          pred=Eczema                         ✗ fst=III-IV   t=0.3s raw='Eczema'
[284/336] SCIN-5720283038957251729            truth=Tinea                          pred=Psoriasis                      ✗ fst=I-II     t=0.3s raw='Psoriasis'
[285/336] SCIN-8558015319077564156            truth=Tinea                          pred=Tinea                          ✓ fst=III-IV   t=0.3s raw='Tinea'
[286/336] SCIN--4268314315114826799           truth=Tinea                          pred=Eczema                         ✗ fst=I-II     t=0.2s raw='Eczema'
[287/336] SCIN--2041150285640312578           truth=Tinea                          pred=Stasis Dermatitis              ✗ fst=III-IV   t=0.3s raw='Stasis Dermatitis'
[288/336] SCIN--236025651594313549            truth=Tinea                          pred=Tinea                          ✓ fst=I-II     t=0.2s raw='Tinea'
[289/336] SCIN-7017910132346459992            truth=Tinea                          pred=Allergic Contact Dermatitis    ✗ fst=III-IV   t=0.3s raw='Allergic Contact Dermatitis'
[290/336] SCIN-3096461005902655042            truth=Tinea                          pred=Stasis Dermatitis              ✗ fst=I-II     t=0.3s raw='Stasis Dermatitis'
[291/336] SCIN--7589195234367125654           truth=Tinea                          pred=Tinea                          ✓ fst=III-IV   t=0.2s raw='Tinea'
[292/336] SCIN--3345002177565292187           truth=Tinea                          pred=Tinea                          ✓ fst=I-II     t=0.2s raw='Tinea'
[293/336] SCIN--8397707070790879422           truth=Tinea                          pred=Eczema                         ✗ fst=III-IV   t=0.2s raw='Eczema'
[294/336] SCIN--2312184597252970115           truth=Tinea                          pred=Tinea                          ✓ fst=I-II     t=0.3s raw='Tinea'
[295/336] SCIN-6652301535878952942            truth=Tinea                          pred=Granuloma annulare             ✗ fst=III-IV   t=0.3s raw='Granuloma annulare'
[296/336] SCIN--7947132806843054286           truth=Tinea                          pred=Granuloma annulare             ✗ fst=I-II     t=0.3s raw='Granuloma annulare'
[297/336] SCIN--5669428885075492527           truth=Tinea                          pred=Tinea                          ✓ fst=III-IV   t=0.3s raw='Tinea'
[298/336] SCIN-7163186229337624094            truth=Tinea                          pred=Abrasion, scrape, or scab      ✗ fst=I-II     t=0.3s raw='Abrasion, scrape, or scab'
[299/336] SCIN--1204349630028029673           truth=Tinea                          pred=Tinea                          ✓ fst=III-IV   t=0.2s raw='Tinea'
[300/336] SCIN--6688159904599548249           truth=Tinea Versicolor               pred=Granuloma annulare             ✗ fst=III-IV   t=0.3s raw='Granuloma annulare'
[301/336] SCIN-8134648445171304529            truth=Tinea Versicolor               pred=Acute dermatitis, NOS          ✗ fst=III-IV   t=0.3s raw='Acute dermatitis, NOS'
[302/336] SCIN--59153319075421114             truth=Tinea Versicolor               pred=Tinea Versicolor               ✓ fst=III-IV   t=0.3s raw='Tinea Versicolor'
[303/336] SCIN--702063769022380390            truth=Tinea Versicolor               pred=Pityriasis rosea               ✗ fst=III-IV   t=0.3s raw='Pityriasis rosea'
[304/336] SCIN-8302232245249626891            truth=Tinea Versicolor               pred=Tinea Versicolor               ✓ fst=III-IV   t=0.3s raw='Tinea Versicolor'
[305/336] SCIN--2704067241457051662           truth=Tinea Versicolor               pred=Tinea Versicolor               ✓ fst=III-IV   t=0.3s raw='Tinea Versicolor'
[306/336] SCIN--6797572867783147052           truth=Tinea Versicolor               pred=Tinea Versicolor               ✓ fst=III-IV   t=0.3s raw='Tinea Versicolor'
[307/336] SCIN--6531452483260873921           truth=Urticaria                      pred=Urticaria                      ✓ fst=III-IV   t=0.3s raw='Urticaria'
[308/336] SCIN-8921106678900434918            truth=Urticaria                      pred=Granuloma annulare             ✗ fst=I-II     t=0.3s raw='Granuloma annulare'
[309/336] SCIN-1564407101673129162            truth=Urticaria                      pred=Urticaria                      ✓ fst=III-IV   t=0.2s raw='Urticaria'
[310/336] SCIN-5345993529885915940            truth=Urticaria                      pred=Drug Rash                      ✗ fst=I-II     t=0.3s raw='Drug Rash'
[311/336] SCIN--1010778459521153386           truth=Urticaria                      pred=Urticaria                      ✓ fst=III-IV   t=0.2s raw='Urticaria'
[312/336] SCIN-3890764783793729081            truth=Urticaria                      pred=Insect Bite                    ✗ fst=I-II     t=0.2s raw='Insect Bite'
[313/336] SCIN-1974095114082906999            truth=Urticaria                      pred=Urticaria                      ✓ fst=III-IV   t=0.3s raw='Urticaria'
[314/336] SCIN-6588231721150624914            truth=Urticaria                      pred=Insect Bite                    ✗ fst=I-II     t=0.2s raw='Insect Bite'
[315/336] SCIN-8456203113692217308            truth=Urticaria                      pred=Keratosis pilaris              ✗ fst=III-IV   t=0.3s raw='Keratosis pilaris'
[316/336] SCIN-8097381513172060282            truth=Urticaria                      pred=Urticaria                      ✓ fst=I-II     t=0.2s raw='Urticaria'
[317/336] SCIN--5639470651873819442           truth=Urticaria                      pred=Insect Bite                    ✗ fst=III-IV   t=0.2s raw='Insect Bite'
[318/336] SCIN--8774665929092136158           truth=Urticaria                      pred=Tinea Versicolor               ✗ fst=I-II     t=0.3s raw='Tinea Versicolor'
[319/336] SCIN--488576905143143801            truth=Urticaria                      pred=Urticaria                      ✓ fst=III-IV   t=0.3s raw='Urticaria'
[320/336] SCIN--8425235422393845300           truth=Urticaria                      pred=Viral Exanthem                 ✗ fst=I-II     t=0.3s raw='Viral Exanthem'
[321/336] SCIN-8011416491300066998            truth=Urticaria                      pred=Drug Rash                      ✗ fst=III-IV   t=0.3s raw='Drug Rash'
[322/336] SCIN-4782788080351774173            truth=Urticaria                      pred=Insect Bite                    ✗ fst=I-II     t=0.2s raw='Insect Bite'
[323/336] SCIN-2880881602259274107            truth=Urticaria                      pred=Insect Bite                    ✗ fst=III-IV   t=0.3s raw='Insect Bite'
[324/336] SCIN--7350637768936675559           truth=Urticaria                      pred=Urticaria                      ✓ fst=I-II     t=0.3s raw='Urticaria'
[325/336] SCIN--642335626870393371            truth=Urticaria                      pred=Eczema                         ✗ fst=III-IV   t=0.2s raw='Eczema'
[326/336] SCIN-6620185406881342210            truth=Urticaria                      pred=Allergic Contact Dermatitis    ✗ fst=I-II     t=0.3s raw='Allergic Contact Dermatitis'
[327/336] SCIN--3781754376011048065           truth=Verruca vulgaris               pred=Insect Bite                    ✗ fst=III-IV   t=0.2s raw='Insect Bite'
[328/336] SCIN--5557839598935606818           truth=Verruca vulgaris               pred=Verruca vulgaris               ✓ fst=III-IV   t=0.2s raw='Verruca vulgaris'
[329/336] SCIN--8103165365768265330           truth=Verruca vulgaris               pred=Keratosis pilaris              ✗ fst=III-IV   t=0.3s raw='Keratosis pilaris'
[330/336] SCIN-7923575700733709056            truth=Verruca vulgaris               pred=Granuloma annulare             ✗ fst=III-IV   t=0.3s raw='Granuloma annulare'
[331/336] SCIN-5296404316729128262            truth=Viral Exanthem                 pred=Pityriasis rosea               ✗ fst=I-II     t=0.3s raw='Pityriasis rosea'
[332/336] SCIN-2309307342881153770            truth=Viral Exanthem                 pred=Drug Rash                      ✗ fst=I-II     t=0.3s raw='Drug Rash'
[333/336] SCIN--3433118074557782138           truth=Viral Exanthem                 pred=Acute dermatitis, NOS          ✗ fst=I-II     t=0.3s raw='Acute dermatitis, NOS'
[334/336] SCIN-8686305006370260831            truth=Viral Exanthem                 pred=Urticaria                      ✗ fst=I-II     t=0.3s raw='Urticaria'
[335/336] SCIN--3182809862860496086           truth=Viral Exanthem                 pred=Pigmented purpuric eruption    ✗ fst=I-II     t=0.3s raw='Pigmented purpuric eruption'
[336/336] SCIN--944541862483000325            truth=Viral Exanthem                 pred=Acute dermatitis, NOS          ✗ fst=I-II     t=0.3s raw='Acute dermatitis, NOS'

== eval done ==
  top1_accuracy:  0.238 (80/336)
  by_fitzpatrick: I-II=0.214 (n=159), III-IV=0.259 (n=170), V-VI=0.286 (n=7)
  wall_seconds:   95.4
