[01/80] P2C-R01 truth=red pred=red R=1.0 t=7.8s esc=False
[02/80] P2C-R02 truth=red pred=red R=1.0 t=7.3s esc=False
[03/80] P2C-R03 truth=red pred=red R=1.0 t=6.7s esc=False
[04/80] P2C-R04 truth=red pred=red R=1.0 t=7.1s esc=False
[05/80] P2C-R05 truth=red pred=red R=1.0 t=6.8s esc=False
[06/80] P2C-R06 truth=red pred=red R=1.0 t=6.9s esc=False
[07/80] P2C-R07 truth=red pred=red R=1.0 t=7.4s esc=False
[08/80] P2C-R08 truth=red pred=red R=1.0 t=7.0s esc=False
[09/80] P2C-R09 truth=red pred=red R=1.0 t=7.8s esc=False
[10/80] P2C-R10 truth=red pred=red R=1.0 t=7.7s esc=False
[11/80] P2C-Y01 truth=yellow pred=yellow R=1.0 t=6.4s esc=False
[12/80] P2C-Y02 truth=yellow pred=yellow R=1.0 t=6.4s esc=False
[13/80] P2C-Y03 truth=yellow pred=green R=0.5 t=6.5s esc=False
[14/80] P2C-Y04 truth=yellow pred=red R=0.5 t=7.0s esc=False
[15/80] P2C-Y05 truth=yellow pred=yellow R=1.0 t=6.7s esc=False
[16/80] P2C-Y06 truth=yellow pred=yellow R=1.0 t=6.2s esc=False
[17/80] P2C-Y07 truth=yellow pred=yellow R=1.0 t=6.4s esc=False
[18/80] P2C-Y08 truth=yellow pred=yellow R=1.0 t=6.5s esc=False
[19/80] P2C-Y09 truth=yellow pred=yellow R=1.0 t=6.7s esc=False
[20/80] P2C-Y10 truth=yellow pred=yellow R=1.0 t=6.7s esc=False
[21/80] P2C-G01 truth=green pred=green R=1.0 t=6.3s esc=False
[22/80] P2C-G02 truth=green pred=green R=1.0 t=6.0s esc=False
[23/80] P2C-G03 truth=green pred=green R=1.0 t=6.6s esc=False
[24/80] P2C-G04 truth=green pred=green R=1.0 t=6.2s esc=False
[25/80] P2C-G05 truth=green pred=green R=1.0 t=4.9s esc=False
[26/80] P2C-G06 truth=green pred=green R=1.0 t=6.4s esc=False
[27/80] P2C-G07 truth=green pred=green R=1.0 t=5.9s esc=False
[28/80] P2C-G08 truth=green pred=green R=1.0 t=5.5s esc=False
[29/80] P2C-G09 truth=green pred=green R=1.0 t=6.4s esc=False
[30/80] P2C-G10 truth=green pred=green R=1.0 t=6.3s esc=False
[31/80] P2C-H-R01 truth=red pred=red R=1.0 t=8.2s esc=False
[32/80] P2C-H-R02 truth=red pred=red R=1.0 t=7.1s esc=False
[33/80] P2C-H-R03 truth=red pred=yellow R=0.5 t=6.9s esc=False
[34/80] P2C-H-R04 truth=red pred=red R=1.0 t=8.0s esc=False
[35/80] P2C-H-R05 truth=red pred=red R=1.0 t=7.2s esc=False
[36/80] P2C-H-R06 truth=red pred=red R=1.0 t=7.3s esc=False
[37/80] P2C-H-R07 truth=red pred=red R=1.0 t=7.1s esc=False
[38/80] P2C-H-R08 truth=red pred=red R=1.0 t=7.7s esc=False
[39/80] P2C-H-R09 truth=red pred=red R=1.0 t=8.1s esc=False
[40/80] P2C-H-R10 truth=red pred=red R=1.0 t=7.3s esc=False
[41/80] P2C-H-Y01 truth=yellow pred=green R=0.5 t=6.4s esc=False
[42/80] P2C-H-Y02 truth=yellow pred=yellow R=1.0 t=6.9s esc=False
[43/80] P2C-H-Y03 truth=yellow pred=yellow R=1.0 t=7.3s esc=False
[44/80] P2C-H-Y04 truth=yellow pred=red R=0.5 t=6.3s esc=False
[45/80] P2C-H-Y05 truth=yellow pred=yellow R=1.0 t=6.9s esc=False
[46/80] P2C-H-Y06 truth=yellow pred=yellow R=1.0 t=6.3s esc=False
[47/80] P2C-H-Y07 truth=yellow pred=yellow R=1.0 t=6.6s esc=False
[48/80] P2C-H-Y08 truth=yellow pred=red R=0.5 t=6.9s esc=False
[49/80] P2C-H-Y09 truth=yellow pred=green R=0.5 t=6.5s esc=False
[50/80] P2C-H-Y10 truth=yellow pred=yellow R=1.0 t=6.9s esc=False
[51/80] P2C-H-G01 truth=green pred=green R=1.0 t=6.5s esc=False
[52/80] P2C-H-G02 truth=green pred=green R=1.0 t=6.9s esc=False
[53/80] P2C-H-G03 truth=green pred=green R=1.0 t=6.3s esc=False
[54/80] P2C-H-G04 truth=green pred=green R=1.0 t=6.3s esc=False
[55/80] P2C-H-G05 truth=green pred=yellow R=0.5 t=6.6s esc=False
[56/80] P2C-H-G06 truth=green pred=green R=1.0 t=6.4s esc=False
[57/80] P2C-H-G07 truth=green pred=green R=1.0 t=6.5s esc=False
[58/80] P2C-H-G08 truth=green pred=green R=1.0 t=6.3s esc=False
[59/80] P2C-H-G09 truth=green pred=green R=1.0 t=6.5s esc=False
[60/80] P2C-H-G10 truth=green pred=green R=1.0 t=6.1s esc=False
[61/80] P2C-X-R01 truth=red pred=red R=1.0 t=7.5s esc=False
[62/80] P2C-X-R02 truth=red pred=red R=1.0 t=6.3s esc=False
[63/80] P2C-X-R03 truth=red pred=red R=1.0 t=7.7s esc=False
[64/80] P2C-X-R04 truth=red pred=red R=1.0 t=7.2s esc=False
[65/80] P2C-X-R05 truth=red pred=red R=1.0 t=6.4s esc=False
[66/80] P2C-X-R06 truth=red pred=red R=1.0 t=6.9s esc=False
[67/80] P2C-X-R07 truth=red pred=red R=1.0 t=7.4s esc=False
[68/80] P2C-X-Y01 truth=yellow pred=yellow R=1.0 t=6.6s esc=False
[69/80] P2C-X-Y02 truth=yellow pred=yellow R=1.0 t=7.1s esc=False
[70/80] P2C-X-Y03 truth=yellow pred=yellow R=1.0 t=6.5s esc=False
[71/80] P2C-X-Y04 truth=yellow pred=yellow R=1.0 t=6.7s esc=False
[72/80] P2C-X-Y05 truth=yellow pred=yellow R=1.0 t=6.3s esc=False
[73/80] P2C-X-Y06 truth=yellow pred=yellow R=1.0 t=6.2s esc=False
[74/80] P2C-X-Y07 truth=yellow pred=red R=0.5 t=6.4s esc=False
[75/80] P2C-X-G01 truth=green pred=green R=1.0 t=6.1s esc=False
[76/80] P2C-X-G02 truth=green pred=green R=1.0 t=6.3s esc=False
[77/80] P2C-X-G03 truth=green pred=green R=1.0 t=6.5s esc=False
