[005/100] SCIN--3709809055383318696      truth=Acne                      pred1=Folliculitis              X1 V3 acc1=0.400 acc3=0.800 (1.6s/case)
[010/100] SCIN-5373485488810311376       truth=Acne                      pred1=Pigmented purpuric erupti X1 X3 acc1=0.400 acc3=0.700 (1.6s/case)
[015/100] SCIN--6768039405201694865      truth=Acute dermatitis, NOS     pred1=Allergic Contact Dermatit X1 V3 acc1=0.267 acc3=0.600 (1.7s/case)
[020/100] SCIN--6343783873341382806      truth=Acute dermatitis, NOS     pred1=Insect Bite               X1 X3 acc1=0.200 acc3=0.550 (1.5s/case)
[025/100] SCIN--7206039626315740792      truth=Allergic Contact Dermatit pred1=Eczema                    X1 V3 acc1=0.160 acc3=0.640 (1.8s/case)
[030/100] SCIN--1502911455314184658      truth=Allergic Contact Dermatit pred1=Acute dermatitis, NOS     X1 V3 acc1=0.167 acc3=0.667 (1.8s/case)
[035/100] SCIN--6776518044035331491      truth=Allergic Contact Dermatit pred1=Insect Bite               X1 X3 acc1=0.171 acc3=0.686 (1.6s/case)
[040/100] SCIN--6012562319822542066      truth=Allergic Contact Dermatit pred1=Insect Bite               X1 V3 acc1=0.225 acc3=0.725 (1.6s/case)
[045/100] SCIN-7347419344161762585       truth=Allergic Contact Dermatit pred1=Allergic Contact Dermatit V1 V3 acc1=0.244 acc3=0.756 (1.9s/case)
[050/100] SCIN--4431962068713879149      truth=Drug Rash                 pred1=Urticaria                 X1 X3 acc1=0.260 acc3=0.740 (1.7s/case)
[055/100] SCIN--9190247622747939061      truth=Drug Rash                 pred1=Drug Rash                 V1 V3 acc1=0.273 acc3=0.709 (1.7s/case)
[060/100] SCIN--2219827066341789081      truth=Eczema                    pred1=Eczema                    V1 V3 acc1=0.283 acc3=0.717 (1.6s/case)
[065/100] SCIN--3053256628485862140      truth=Eczema                    pred1=Herpes Simplex            X1 V3 acc1=0.277 acc3=0.723 (1.7s/case)
[070/100] SCIN-1345721193150322031       truth=Eczema                    pred1=Eczema                    V1 V3 acc1=0.271 acc3=0.729 (1.7s/case)
[075/100] SCIN--2079383910052664228      truth=Eczema                    pred1=Insect Bite               X1 X3 acc1=0.280 acc3=0.733 (1.7s/case)
[080/100] SCIN--5376888133703495985      truth=Eczema                    pred1=Drug Rash                 X1 V3 acc1=0.287 acc3=0.738 (1.6s/case)
[085/100] SCIN--8018705038614693970      truth=Folliculitis              pred1=Folliculitis              V1 V3 acc1=0.282 acc3=0.729 (1.6s/case)
[090/100] SCIN--5675058813348276029      truth=Folliculitis              pred1=Folliculitis              V1 V3 acc1=0.278 acc3=0.711 (1.5s/case)
[095/100] SCIN--7130314863872132543      truth=Folliculitis              pred1=Insect Bite               X1 V3 acc1=0.284 acc3=0.705 (1.6s/case)
[100/100] SCIN--114959561601268372       truth=Folliculitis              pred1=Insect Bite               X1 X3 acc1=0.280 acc3=0.710 (1.6s/case)
