[005/100] SCIN-5712094336588197231       truth=Abrasion, scrape, or scab pred1=Acute dermatitis, NOS     X1 X3 acc1=0.000 acc3=0.200 (1.8s/case)
[010/100] SCIN-6857595741723301953       truth=Acne                      pred1=Herpes Zoster             X1 X3 acc1=0.300 acc3=0.400 (1.6s/case)
[015/100] SCIN--2740479848383925335      truth=Acne                      pred1=Eczema                    X1 X3 acc1=0.267 acc3=0.400 (1.6s/case)
[020/100] SCIN--7307470538479869697      truth=Acute dermatitis, NOS     pred1=Urticaria                 X1 V3 acc1=0.200 acc3=0.450 (1.6s/case)
[025/100] SCIN-4408864411024307516       truth=Acute dermatitis, NOS     pred1=Scabies                   X1 X3 acc1=0.160 acc3=0.440 (1.5s/case)
[030/100] SCIN-2389185407987087869       truth=Allergic Contact Dermatit pred1=Allergic Contact Dermatit V1 V3 acc1=0.167 acc3=0.500 (1.8s/case)
[035/100] SCIN-3641213346667363410       truth=Allergic Contact Dermatit pred1=Allergic Contact Dermatit V1 V3 acc1=0.171 acc3=0.571 (1.6s/case)
[040/100] SCIN-7890977335291622439       truth=Allergic Contact Dermatit pred1=Eczema                    X1 V3 acc1=0.150 acc3=0.625 (1.6s/case)
[045/100] SCIN-6317542003263234425       truth=Allergic Contact Dermatit pred1=Urticaria                 X1 V3 acc1=0.133 acc3=0.667 (1.6s/case)
[050/100] SCIN-3908037707863400902       truth=CD - Contact dermatitis   pred1=Herpes Simplex            X1 V3 acc1=0.120 acc3=0.680 (1.6s/case)
[055/100] SCIN--4588998586738992246      truth=Drug Rash                 pred1=Eczema                    X1 V3 acc1=0.109 acc3=0.691 (1.8s/case)
[060/100] SCIN--9190247622747939061      truth=Drug Rash                 pred1=Herpes Zoster             X1 V3 acc1=0.100 acc3=0.683 (1.5s/case)
[065/100] SCIN--1226908042701108862      truth=Drug Rash                 pred1=Folliculitis              X1 X3 acc1=0.092 acc3=0.646 (1.6s/case)
[070/100] SCIN-3998476769988018648       truth=Eczema                    pred1=Urticaria                 X1 X3 acc1=0.114 acc3=0.657 (1.6s/case)
[075/100] SCIN--55453462805346412        truth=Eczema                    pred1=Eczema                    V1 V3 acc1=0.160 acc3=0.680 (1.7s/case)
[080/100] SCIN--3053256628485862140      truth=Eczema                    pred1=Herpes Simplex            X1 V3 acc1=0.200 acc3=0.700 (1.6s/case)
[085/100] SCIN-3397875770673970206       truth=Eczema                    pred1=Pityriasis rosea          X1 V3 acc1=0.235 acc3=0.718 (1.5s/case)
[090/100] SCIN-3689862615752795245       truth=Folliculitis              pred1=Eczema                    X1 X3 acc1=0.233 acc3=0.711 (1.7s/case)
[095/100] SCIN-7766253481783555886       truth=Folliculitis              pred1=Acute dermatitis, NOS     X1 V3 acc1=0.221 acc3=0.705 (2.2s/case)
[100/100] SCIN-5483324975095927683       truth=Folliculitis              pred1=Folliculitis              V1 V3 acc1=0.230 acc3=0.690 (1.5s/case)
